<?xml version="1.0" encoding="UTF-8"?>
<testsuite name="ch.zhaw.prog2.functional.streaming.CompanyTest" tests="1" skipped="0" failures="0" errors="0" timestamp="2023-05-31T10:20:22" hostname="DESKTOP-HAFPO39" time="1.078">
  <properties/>
  <testcase name="testGetPayments()" classname="ch.zhaw.prog2.functional.streaming.CompanyTest" time="1.078"/>
  <system-out><![CDATA[]]></system-out>
  <system-err><![CDATA[]]></system-err>
</testsuite>
