<?xml version="1.0" encoding="UTF-8"?>
<testsuite name="ch.zhaw.prog2.mandelbrot.MandelbrotMockTest" tests="6" skipped="0" failures="0" errors="0" timestamp="2023-03-09T16:56:53" hostname="DESKTOP-HAFPO39" time="12.506">
  <properties/>
  <testcase name="testMandelbrotTaskProcessorListenerCalls()" classname="ch.zhaw.prog2.mandelbrot.MandelbrotMockTest" time="2.445"/>
  <testcase name="testMandelbrotTaskProcessorListenerContent()" classname="ch.zhaw.prog2.mandelbrot.MandelbrotMockTest" time="2.009"/>
  <testcase name="testMandelbrotCallableProcessorListenerCalls()" classname="ch.zhaw.prog2.mandelbrot.MandelbrotMockTest" time="2.014"/>
  <testcase name="testMandelbrotExecutorProcessorListenerCalls()" classname="ch.zhaw.prog2.mandelbrot.MandelbrotMockTest" time="2.006"/>
  <testcase name="testMandelbrotCallableProcessorListenerContent()" classname="ch.zhaw.prog2.mandelbrot.MandelbrotMockTest" time="2.015"/>
  <testcase name="testMandelbrotExecutorProcessorListenerContent()" classname="ch.zhaw.prog2.mandelbrot.MandelbrotMockTest" time="2.01"/>
  <system-out><![CDATA[row-nr: 0  row-pixels: 0x0034ffff, 0x001cffff, 0x000affff, 0x0e00ffff, 0x4a00ffff, 0x0200ffff, 0x0016ffff, 0x0022ffff, 0x0004ffff, 0x003affff
row-nr: 1  row-pixels: 0x0010ffff, 0x0e00ffff, 0x9100ffff, 0x00ffd5ff, 0x1a00ffff, 0x8000ffff, 0x4400ffff, 0x1400ffff, 0x0010ffff, 0x000affff
row-nr: 2  row-pixels: 0x0e00ffff, 0x0064ffff, 0x7400ffff, 0x00ff28ff, 0x6800ffff, 0xb500ffff, 0x85ff00ff, 0x9d00ffff, 0x7aff00ff, 0x0004ffff
row-nr: 3  row-pixels: 0x0010ffff, 0x0010ffff, 0x1a00ffff, 0x4400ffff, 0x7400ffff, 0x004cffff, 0xf700ffff, 0x6800ffff, 0x0800ffff, 0x000affff
row-nr: 4  row-pixels: 0x003affff, 0x0200ffff, 0x0022ffff, 0x0016ffff, 0x000affff, 0x2000ffff, 0x0200ffff, 0x001cffff, 0x0016ffff, 0x0034ffff
Duration(ms): 12
Tasks submitted after 0ms
Tasks submitted after 0ms
row-nr: 0  row-pixels: 0x0034ffff, 0x001cffff, 0x000affff, 0x0e00ffff, 0x4a00ffff, 0x0200ffff, 0x0016ffff, 0x0022ffff, 0x0004ffff, 0x003affff
row-nr: 1  row-pixels: 0x0010ffff, 0x0e00ffff, 0x9100ffff, 0x00ffd5ff, 0x1a00ffff, 0x8000ffff, 0x4400ffff, 0x1400ffff, 0x0010ffff, 0x000affff
row-nr: 2  row-pixels: 0x0e00ffff, 0x0064ffff, 0x7400ffff, 0x00ff28ff, 0x6800ffff, 0xb500ffff, 0x85ff00ff, 0x9d00ffff, 0x7aff00ff, 0x0004ffff
row-nr: 3  row-pixels: 0x0010ffff, 0x0010ffff, 0x1a00ffff, 0x4400ffff, 0x7400ffff, 0x004cffff, 0xf700ffff, 0x6800ffff, 0x0800ffff, 0x000affff
row-nr: 4  row-pixels: 0x003affff, 0x0200ffff, 0x0022ffff, 0x0016ffff, 0x000affff, 0x2000ffff, 0x0200ffff, 0x001cffff, 0x0016ffff, 0x0034ffff
Duration(ms): 6
row-nr: 0  row-pixels: 0x0034ffff, 0x001cffff, 0x000affff, 0x0e00ffff, 0x4a00ffff, 0x0200ffff, 0x0016ffff, 0x0022ffff, 0x0004ffff, 0x003affff
row-nr: 1  row-pixels: 0x0010ffff, 0x0e00ffff, 0x9100ffff, 0x00ffd5ff, 0x1a00ffff, 0x8000ffff, 0x4400ffff, 0x1400ffff, 0x0010ffff, 0x000affff
row-nr: 2  row-pixels: 0x0e00ffff, 0x0064ffff, 0x7400ffff, 0x00ff28ff, 0x6800ffff, 0xb500ffff, 0x85ff00ff, 0x9d00ffff, 0x7aff00ff, 0x0004ffff
row-nr: 3  row-pixels: 0x0010ffff, 0x0010ffff, 0x1a00ffff, 0x4400ffff, 0x7400ffff, 0x004cffff, 0xf700ffff, 0x6800ffff, 0x0800ffff, 0x000affff
row-nr: 4  row-pixels: 0x003affff, 0x0200ffff, 0x0022ffff, 0x0016ffff, 0x000affff, 0x2000ffff, 0x0200ffff, 0x001cffff, 0x0016ffff, 0x0034ffff
Duration(ms): 5
]]></system-out>
  <system-err><![CDATA[]]></system-err>
</testsuite>
